35
LBRACK
ID
LBRACE
BECOMES
PRINTLN
STAR
PLUS
LPAREN
GT
NE
LT
RBRACK
RPAREN
AMP
BOF
EQ
NUM
NEW
LE
NULL
EOF
INT
IF
WHILE
SLASH
RETURN
ELSE
WAIN
MINUS
PCT
DELETE
GE
COMMA
SEMI
RBRACE
17
test
paramlist
arglist
params
term
dcls
procedure
expr
statement
main
factor
procedures
dcl
statements
type
start
lvalue
start
49
0 start BOF procedures EOF
1 procedures procedure procedures
2 procedures main
3 procedure INT ID LPAREN params RPAREN LBRACE dcls statements RETURN expr SEMI RBRACE
4 main INT WAIN LPAREN dcl COMMA dcl RPAREN LBRACE dcls statements RETURN expr SEMI RBRACE
5 params
6 params paramlist
7 paramlist dcl
8 paramlist dcl COMMA paramlist
9 type INT
10 type INT STAR
11 dcls
12 dcls dcls dcl BECOMES NUM SEMI
13 dcls dcls dcl BECOMES NULL SEMI
14 dcl type ID
15 statements
16 statements statements statement
17 statement lvalue BECOMES expr SEMI
18 statement IF LPAREN test RPAREN LBRACE statements RBRACE ELSE LBRACE statements RBRACE
19 statement WHILE LPAREN test RPAREN LBRACE statements RBRACE
20 statement PRINTLN LPAREN expr RPAREN SEMI
21 statement DELETE LBRACK RBRACK expr SEMI
22 test expr EQ expr
23 test expr NE expr
24 test expr LT expr
25 test expr LE expr
26 test expr GE expr
27 test expr GT expr
28 expr term
29 expr expr PLUS term
30 expr expr MINUS term
31 term factor
32 term term STAR factor
33 term term SLASH factor
34 term term PCT factor
35 factor ID
36 factor NUM
37 factor NULL
38 factor LPAREN expr RPAREN
39 factor AMP lvalue
40 factor STAR factor
41 factor NEW INT LBRACK expr RBRACK
42 factor ID LPAREN RPAREN
43 factor ID LPAREN arglist RPAREN
44 arglist expr
45 arglist expr COMMA arglist
46 lvalue ID
47 lvalue STAR factor
48 lvalue LPAREN lvalue RPAREN
132
863
0 BOF shift 23
1 RPAREN reduce 6
2 NULL shift 8
2 STAR shift 5
2 NUM shift 30
2 term shift 11
2 LPAREN shift 2
2 expr shift 64
2 AMP shift 53
2 ID shift 22
2 NEW shift 15
2 factor shift 10
3 EQ reduce 47
3 GT reduce 47
3 GE reduce 47
3 RBRACK reduce 47
3 STAR reduce 47
3 LT reduce 47
3 LE reduce 47
3 NE reduce 47
3 SLASH reduce 47
3 PCT reduce 47
3 BECOMES reduce 47
3 PLUS reduce 47
3 COMMA reduce 47
3 RPAREN reduce 47
3 MINUS reduce 47
3 SEMI reduce 47
4 ID reduce 9
4 STAR shift 89
5 NULL shift 8
5 STAR shift 5
5 ID shift 22
5 NEW shift 15
5 NUM shift 30
5 LPAREN shift 2
5 factor shift 102
5 AMP shift 53
6 INT reduce 13
6 LPAREN reduce 13
6 DELETE reduce 13
6 WHILE reduce 13
6 STAR reduce 13
6 PRINTLN reduce 13
6 IF reduce 13
6 ID reduce 13
6 RETURN reduce 13
7 INT reduce 12
7 LPAREN reduce 12
7 DELETE reduce 12
7 WHILE reduce 12
7 STAR reduce 12
7 PRINTLN reduce 12
7 IF reduce 12
7 ID reduce 12
7 RETURN reduce 12
8 STAR reduce 37
8 PCT reduce 37
8 COMMA reduce 37
8 SLASH reduce 37
8 BECOMES reduce 37
8 NE reduce 37
8 MINUS reduce 37
8 RBRACK reduce 37
8 SEMI reduce 37
8 RPAREN reduce 37
8 GT reduce 37
8 GE reduce 37
8 LT reduce 37
8 LE reduce 37
8 PLUS reduce 37
8 EQ reduce 37
9 term shift 11
9 expr shift 36
9 STAR shift 5
9 factor shift 10
9 NULL shift 8
9 ID shift 22
9 LPAREN shift 2
9 AMP shift 53
9 NUM shift 30
9 NEW shift 15
10 MINUS reduce 31
10 STAR reduce 31
10 RBRACK reduce 31
10 COMMA reduce 31
10 PCT reduce 31
10 PLUS reduce 31
10 SEMI reduce 31
10 NE reduce 31
10 EQ reduce 31
10 GT reduce 31
10 GE reduce 31
10 LT reduce 31
10 LE reduce 31
10 RPAREN reduce 31
10 SLASH reduce 31
11 LT reduce 28
11 RPAREN reduce 28
11 NE reduce 28
11 LE reduce 28
11 STAR shift 46
11 GE reduce 28
11 SLASH shift 52
11 GT reduce 28
11 PCT shift 66
11 PLUS reduce 28
11 RBRACK reduce 28
11 COMMA reduce 28
11 MINUS reduce 28
11 SEMI reduce 28
11 EQ reduce 28
12 RPAREN reduce 44
12 PLUS shift 19
12 COMMA shift 85
12 MINUS shift 71
13 term shift 11
13 expr shift 35
13 STAR shift 5
13 factor shift 10
13 NULL shift 8
13 ID shift 22
13 LPAREN shift 2
13 AMP shift 53
13 NUM shift 30
13 NEW shift 15
14 term shift 11
14 expr shift 31
14 STAR shift 5
14 factor shift 10
14 NULL shift 8
14 ID shift 22
14 LPAREN shift 2
14 AMP shift 53
14 NUM shift 30
14 NEW shift 15
15 INT shift 41
16 SEMI shift 68
17 term shift 11
17 expr shift 33
17 STAR shift 5
17 factor shift 10
17 NULL shift 8
17 ID shift 22
17 LPAREN shift 2
17 AMP shift 53
17 NUM shift 30
17 NEW shift 15
18 main shift 28
18 procedures shift 39
18 procedure shift 18
18 INT shift 54
19 factor shift 10
19 NEW shift 15
19 STAR shift 5
19 term shift 60
19 LPAREN shift 2
19 NULL shift 8
19 AMP shift 53
19 NUM shift 30
19 ID shift 22
20 type shift 42
20 dcl shift 29
20 INT shift 4
20 paramlist shift 103
21 INT shift 4
21 dcl shift 63
21 ID reduce 15
21 IF reduce 15
21 WHILE reduce 15
21 RBRACE reduce 15
21 PRINTLN reduce 15
21 LPAREN reduce 15
21 STAR reduce 15
21 statements shift 109
21 type shift 42
21 RETURN reduce 15
21 DELETE reduce 15
22 RPAREN reduce 35
22 PLUS reduce 35
22 COMMA reduce 35
22 SEMI reduce 35
22 PCT reduce 35
22 RBRACK reduce 35
22 MINUS reduce 35
22 LPAREN shift 80
22 SLASH reduce 35
22 LT reduce 35
22 LE reduce 35
22 BECOMES reduce 35
22 NE reduce 35
22 STAR reduce 35
22 GE reduce 35
22 GT reduce 35
22 EQ reduce 35
23 procedure shift 18
23 main shift 28
23 INT shift 54
23 procedures shift 62
24 INT shift 4
24 type shift 42
24 dcl shift 101
25 term shift 11
25 expr shift 34
25 STAR shift 5
25 factor shift 10
25 NULL shift 8
25 ID shift 22
25 LPAREN shift 2
25 AMP shift 53
25 NUM shift 30
25 NEW shift 15
26 INT shift 4
26 type shift 42
26 dcl shift 99
27 RBRACE shift 91
28 EOF reduce 2
29 COMMA shift 20
29 RPAREN reduce 7
30 STAR reduce 36
30 PCT reduce 36
30 COMMA reduce 36
30 SLASH reduce 36
30 BECOMES reduce 36
30 NE reduce 36
30 MINUS reduce 36
30 RBRACK reduce 36
30 SEMI reduce 36
30 RPAREN reduce 36
30 GT reduce 36
30 GE reduce 36
30 LT reduce 36
30 LE reduce 36
30 PLUS reduce 36
30 EQ reduce 36
31 PLUS shift 19
31 MINUS shift 71
31 RPAREN reduce 22
32 PLUS shift 19
32 MINUS shift 71
32 RPAREN reduce 23
33 PLUS shift 19
33 MINUS shift 71
33 RPAREN reduce 24
34 PLUS shift 19
34 MINUS shift 71
34 RPAREN reduce 25
35 PLUS shift 19
35 MINUS shift 71
35 RPAREN reduce 26
36 PLUS shift 19
36 MINUS shift 71
36 RPAREN reduce 27
37 EOF reduce 4
38 LPAREN shift 38
38 STAR shift 40
38 lvalue shift 111
38 ID shift 74
39 EOF reduce 1
40 factor shift 3
40 NULL shift 8
40 AMP shift 53
40 STAR shift 5
40 NUM shift 30
40 ID shift 22
40 LPAREN shift 2
40 NEW shift 15
41 LBRACK shift 118
42 ID shift 117
43 LPAREN shift 105
44 term shift 11
44 expr shift 32
44 STAR shift 5
44 factor shift 10
44 NULL shift 8
44 ID shift 22
44 LPAREN shift 2
44 AMP shift 53
44 NUM shift 30
44 NEW shift 15
45 NUM shift 51
45 NULL shift 95
46 NEW shift 15
46 factor shift 47
46 AMP shift 53
46 STAR shift 5
46 NUM shift 30
46 NULL shift 8
46 LPAREN shift 2
46 ID shift 22
47 MINUS reduce 32
47 RBRACK reduce 32
47 STAR reduce 32
47 COMMA reduce 32
47 PCT reduce 32
47 PLUS reduce 32
47 SEMI reduce 32
47 NE reduce 32
47 EQ reduce 32
47 GT reduce 32
47 GE reduce 32
47 LT reduce 32
47 LE reduce 32
47 RPAREN reduce 32
47 SLASH reduce 32
48 MINUS reduce 33
48 RBRACK reduce 33
48 STAR reduce 33
48 COMMA reduce 33
48 PCT reduce 33
48 PLUS reduce 33
48 SEMI reduce 33
48 NE reduce 33
48 EQ reduce 33
48 GT reduce 33
48 GE reduce 33
48 LT reduce 33
48 LE reduce 33
48 RPAREN reduce 33
48 SLASH reduce 33
49 MINUS reduce 34
49 RBRACK reduce 34
49 STAR reduce 34
49 COMMA reduce 34
49 PCT reduce 34
49 PLUS reduce 34
49 SEMI reduce 34
49 NE reduce 34
49 EQ reduce 34
49 GT reduce 34
49 GE reduce 34
49 LT reduce 34
49 LE reduce 34
49 RPAREN reduce 34
49 SLASH reduce 34
50 RPAREN shift 90
51 SEMI shift 7
52 NEW shift 15
52 factor shift 48
52 AMP shift 53
52 STAR shift 5
52 NUM shift 30
52 NULL shift 8
52 LPAREN shift 2
52 ID shift 22
53 LPAREN shift 38
53 ID shift 74
53 STAR shift 40
53 lvalue shift 127
54 WAIN shift 56
54 ID shift 69
55 LBRACK shift 79
56 LPAREN shift 24
57 RETURN reduce 16
57 WHILE reduce 16
57 RBRACE reduce 16
57 ID reduce 16
57 IF reduce 16
57 PRINTLN reduce 16
57 LPAREN reduce 16
57 DELETE reduce 16
57 STAR reduce 16
58 LPAREN shift 106
59 RETURN reduce 15
59 STAR reduce 15
59 WHILE reduce 15
59 ID reduce 15
59 IF reduce 15
59 RBRACE reduce 15
59 DELETE reduce 15
59 PRINTLN reduce 15
59 INT shift 4
59 LPAREN reduce 15
59 type shift 42
59 dcl shift 63
59 statements shift 129
60 LT reduce 29
60 RPAREN reduce 29
60 NE reduce 29
60 LE reduce 29
60 STAR shift 46
60 GE reduce 29
60 GT reduce 29
60 SLASH shift 52
60 PLUS reduce 29
60 COMMA reduce 29
60 RBRACK reduce 29
60 PCT shift 66
60 MINUS reduce 29
60 SEMI reduce 29
60 EQ reduce 29
61 LT reduce 30
61 RPAREN reduce 30
61 NE reduce 30
61 LE reduce 30
61 STAR shift 46
61 GE reduce 30
61 GT reduce 30
61 SLASH shift 52
61 PLUS reduce 30
61 COMMA reduce 30
61 RBRACK reduce 30
61 PCT shift 66
61 MINUS reduce 30
61 SEMI reduce 30
61 EQ reduce 30
62 EOF shift 98
63 BECOMES shift 45
64 MINUS shift 71
64 PLUS shift 19
64 RPAREN shift 97
65 MINUS shift 71
65 PLUS shift 19
65 RBRACK shift 116
66 NEW shift 15
66 factor shift 49
66 AMP shift 53
66 STAR shift 5
66 NUM shift 30
66 NULL shift 8
66 LPAREN shift 2
66 ID shift 22
67 BECOMES shift 86
68 DELETE reduce 20
68 RBRACE reduce 20
68 PRINTLN reduce 20
68 WHILE reduce 20
68 LPAREN reduce 20
68 RETURN reduce 20
68 STAR reduce 20
68 IF reduce 20
68 ID reduce 20
69 LPAREN shift 112
70 term shift 11
70 ID shift 22
70 factor shift 10
70 LPAREN shift 2
70 NULL shift 8
70 NUM shift 30
70 NEW shift 15
70 AMP shift 53
70 STAR shift 5
70 expr shift 121
71 factor shift 10
71 NEW shift 15
71 STAR shift 5
71 term shift 61
71 LPAREN shift 2
71 NULL shift 8
71 AMP shift 53
71 NUM shift 30
71 ID shift 22
72 RPAREN reduce 45
73 NUM shift 30
73 LPAREN shift 2
73 STAR shift 5
73 expr shift 75
73 NULL shift 8
73 AMP shift 53
73 NEW shift 15
73 term shift 11
73 ID shift 22
73 factor shift 10
74 EQ reduce 46
74 GT reduce 46
74 GE reduce 46
74 LE reduce 46
74 RBRACK reduce 46
74 STAR reduce 46
74 LT reduce 46
74 NE reduce 46
74 SLASH reduce 46
74 PCT reduce 46
74 BECOMES reduce 46
74 PLUS reduce 46
74 COMMA reduce 46
74 RPAREN reduce 46
74 MINUS reduce 46
74 SEMI reduce 46
75 MINUS shift 71
75 PLUS shift 19
75 SEMI shift 87
76 IF reduce 15
76 ID reduce 15
76 RBRACE reduce 15
76 WHILE reduce 15
76 PRINTLN reduce 15
76 RETURN reduce 15
76 STAR reduce 15
76 statements shift 114
76 LPAREN reduce 15
76 DELETE reduce 15
77 IF reduce 15
77 ID reduce 15
77 RBRACE reduce 15
77 WHILE reduce 15
77 PRINTLN reduce 15
77 RETURN reduce 15
77 STAR reduce 15
77 statements shift 113
77 LPAREN reduce 15
77 DELETE reduce 15
78 ID reduce 15
78 IF reduce 15
78 RBRACE reduce 15
78 WHILE reduce 15
78 PRINTLN reduce 15
78 RETURN reduce 15
78 STAR reduce 15
78 statements shift 115
78 LPAREN reduce 15
78 DELETE reduce 15
79 RBRACK shift 88
80 term shift 11
80 expr shift 12
80 arglist shift 50
80 ID shift 22
80 factor shift 10
80 NEW shift 15
80 NULL shift 8
80 LPAREN shift 2
80 NUM shift 30
80 RPAREN shift 93
80 STAR shift 5
80 AMP shift 53
81 ELSE shift 96
82 DELETE reduce 19
82 RBRACE reduce 19
82 PRINTLN reduce 19
82 WHILE reduce 19
82 LPAREN reduce 19
82 RETURN reduce 19
82 STAR reduce 19
82 IF reduce 19
82 ID reduce 19
83 DELETE reduce 18
83 RBRACE reduce 18
83 PRINTLN reduce 18
83 WHILE reduce 18
83 LPAREN reduce 18
83 RETURN reduce 18
83 STAR reduce 18
83 IF reduce 18
83 ID reduce 18
84 RPAREN shift 110
85 LPAREN shift 2
85 expr shift 12
85 STAR shift 5
85 NUM shift 30
85 NEW shift 15
85 arglist shift 72
85 ID shift 22
85 term shift 11
85 factor shift 10
85 AMP shift 53
85 NULL shift 8
86 STAR shift 5
86 NEW shift 15
86 LPAREN shift 2
86 factor shift 10
86 NULL shift 8
86 NUM shift 30
86 term shift 11
86 ID shift 22
86 expr shift 124
86 AMP shift 53
87 RBRACE shift 37
88 STAR shift 5
88 NEW shift 15
88 LPAREN shift 2
88 factor shift 10
88 NULL shift 8
88 NUM shift 30
88 term shift 11
88 ID shift 22
88 expr shift 122
88 AMP shift 53
89 ID reduce 10
90 STAR reduce 43
90 PCT reduce 43
90 COMMA reduce 43
90 SLASH reduce 43
90 BECOMES reduce 43
90 NE reduce 43
90 MINUS reduce 43
90 RBRACK reduce 43
90 SEMI reduce 43
90 RPAREN reduce 43
90 GE reduce 43
90 GT reduce 43
90 LT reduce 43
90 LE reduce 43
90 PLUS reduce 43
90 EQ reduce 43
91 INT reduce 3
92 LBRACE shift 94
93 STAR reduce 42
93 PCT reduce 42
93 COMMA reduce 42
93 SLASH reduce 42
93 BECOMES reduce 42
93 NE reduce 42
93 MINUS reduce 42
93 RBRACK reduce 42
93 SEMI reduce 42
93 RPAREN reduce 42
93 GT reduce 42
93 GE reduce 42
93 LT reduce 42
93 LE reduce 42
93 PLUS reduce 42
93 EQ reduce 42
94 LPAREN reduce 11
94 WHILE reduce 11
94 dcls shift 21
94 ID reduce 11
94 IF reduce 11
94 PRINTLN reduce 11
94 INT reduce 11
94 RETURN reduce 11
94 STAR reduce 11
94 DELETE reduce 11
95 SEMI shift 6
96 LBRACE shift 78
97 STAR reduce 38
97 PCT reduce 38
97 COMMA reduce 38
97 SLASH reduce 38
97 BECOMES reduce 38
97 NE reduce 38
97 MINUS reduce 38
97 RBRACK reduce 38
97 SEMI reduce 38
97 RPAREN reduce 38
97 GT reduce 38
97 GE reduce 38
97 LT reduce 38
97 LE reduce 38
97 PLUS reduce 38
97 EQ reduce 38
99 RPAREN shift 92
100 EQ reduce 48
100 GT reduce 48
100 GE reduce 48
100 RBRACK reduce 48
100 STAR reduce 48
100 LE reduce 48
100 LT reduce 48
100 NE reduce 48
100 SLASH reduce 48
100 PCT reduce 48
100 BECOMES reduce 48
100 PLUS reduce 48
100 COMMA reduce 48
100 RPAREN reduce 48
100 MINUS reduce 48
100 SEMI reduce 48
101 COMMA shift 26
102 STAR reduce 40
102 PCT reduce 40
102 COMMA reduce 40
102 SLASH reduce 40
102 BECOMES reduce 40
102 NE reduce 40
102 MINUS reduce 40
102 RBRACK reduce 40
102 SEMI reduce 40
102 RPAREN reduce 40
102 GT reduce 40
102 GE reduce 40
102 LT reduce 40
102 LE reduce 40
102 PLUS reduce 40
102 EQ reduce 40
103 RPAREN reduce 8
104 NEW shift 15
104 AMP shift 53
104 NUM shift 30
104 LPAREN shift 2
104 NULL shift 8
104 factor shift 10
104 ID shift 22
104 expr shift 108
104 term shift 11
104 STAR shift 5
104 test shift 120
105 NEW shift 15
105 AMP shift 53
105 NUM shift 30
105 LPAREN shift 2
105 NULL shift 8
105 factor shift 10
105 ID shift 22
105 expr shift 108
105 term shift 11
105 STAR shift 5
105 test shift 119
106 STAR shift 5
106 NEW shift 15
106 LPAREN shift 2
106 factor shift 10
106 NULL shift 8
106 NUM shift 30
106 term shift 11
106 ID shift 22
106 expr shift 123
106 AMP shift 53
107 LPAREN shift 104
108 GT shift 9
108 GE shift 13
108 EQ shift 14
108 LT shift 17
108 LE shift 25
108 NE shift 44
108 PLUS shift 19
108 MINUS shift 71
109 statement shift 57
109 PRINTLN shift 58
109 RETURN shift 73
109 lvalue shift 67
109 WHILE shift 43
109 DELETE shift 55
109 STAR shift 40
109 IF shift 107
109 ID shift 74
109 LPAREN shift 38
110 LBRACE shift 128
111 RPAREN shift 100
112 paramlist shift 1
112 dcl shift 29
112 RPAREN reduce 5
112 INT shift 4
112 params shift 84
112 type shift 42
113 STAR shift 40
113 LPAREN shift 38
113 DELETE shift 55
113 statement shift 57
113 lvalue shift 67
113 RBRACE shift 81
113 ID shift 74
113 IF shift 107
113 WHILE shift 43
113 PRINTLN shift 58
114 STAR shift 40
114 LPAREN shift 38
114 DELETE shift 55
114 statement shift 57
114 lvalue shift 67
114 RBRACE shift 82
114 ID shift 74
114 IF shift 107
114 WHILE shift 43
114 PRINTLN shift 58
115 STAR shift 40
115 LPAREN shift 38
115 DELETE shift 55
115 statement shift 57
115 lvalue shift 67
115 RBRACE shift 83
115 ID shift 74
115 IF shift 107
115 WHILE shift 43
115 PRINTLN shift 58
116 STAR reduce 41
116 PCT reduce 41
116 COMMA reduce 41
116 SLASH reduce 41
116 BECOMES reduce 41
116 NE reduce 41
116 MINUS reduce 41
116 RBRACK reduce 41
116 SEMI reduce 41
116 RPAREN reduce 41
116 EQ reduce 41
116 GE reduce 41
116 GT reduce 41
116 LT reduce 41
116 LE reduce 41
116 PLUS reduce 41
117 BECOMES reduce 14
117 RPAREN reduce 14
117 COMMA reduce 14
118 NULL shift 8
118 STAR shift 5
118 NUM shift 30
118 term shift 11
118 LPAREN shift 2
118 expr shift 65
118 AMP shift 53
118 ID shift 22
118 NEW shift 15
118 factor shift 10
119 RPAREN shift 126
120 RPAREN shift 125
121 SEMI shift 27
121 PLUS shift 19
121 MINUS shift 71
122 PLUS shift 19
122 MINUS shift 71
122 SEMI shift 131
123 RPAREN shift 16
123 PLUS shift 19
123 MINUS shift 71
124 PLUS shift 19
124 MINUS shift 71
124 SEMI shift 130
125 LBRACE shift 77
126 LBRACE shift 76
127 STAR reduce 39
127 PCT reduce 39
127 COMMA reduce 39
127 SLASH reduce 39
127 BECOMES reduce 39
127 NE reduce 39
127 MINUS reduce 39
127 RBRACK reduce 39
127 SEMI reduce 39
127 RPAREN reduce 39
127 GT reduce 39
127 GE reduce 39
127 LT reduce 39
127 LE reduce 39
127 PLUS reduce 39
127 EQ reduce 39
128 STAR reduce 11
128 PRINTLN reduce 11
128 LPAREN reduce 11
128 dcls shift 59
128 WHILE reduce 11
128 RETURN reduce 11
128 INT reduce 11
128 ID reduce 11
128 IF reduce 11
128 DELETE reduce 11
129 LPAREN shift 38
129 WHILE shift 43
129 STAR shift 40
129 PRINTLN shift 58
129 RETURN shift 70
129 ID shift 74
129 IF shift 107
129 statement shift 57
129 DELETE shift 55
129 lvalue shift 67
130 DELETE reduce 17
130 RBRACE reduce 17
130 PRINTLN reduce 17
130 WHILE reduce 17
130 LPAREN reduce 17
130 RETURN reduce 17
130 STAR reduce 17
130 IF reduce 17
130 ID reduce 17
131 DELETE reduce 21
131 RBRACE reduce 21
131 PRINTLN reduce 21
131 WHILE reduce 21
131 LPAREN reduce 21
131 RETURN reduce 21
131 STAR reduce 21
131 IF reduce 21
131 ID reduce 21
